<?xml version="1.0" encoding="UTF-8"?>
<robot generator="Robot 3.2.1 (Python 3.7.2 on win32)" generated="20200905 19:09:28.788" rpa="false">
<suite id="s1" name="Anagram" source="C:\Python37Projects\isanagram\anagram.robot">
<test id="s1-t1" name="Is Anagram">
<kw name="Is Anagram" library="Anagram">
<arguments>
<arg>angel</arg>
<arg>glean</arg>
</arguments>
<msg timestamp="20200905 19:09:28.822" level="INFO">This is an anagram</msg>
<status status="PASS" starttime="20200905 19:09:28.821" endtime="20200905 19:09:28.822"></status>
</kw>
<status status="PASS" starttime="20200905 19:09:28.821" endtime="20200905 19:09:28.823" critical="yes"></status>
</test>
<status status="PASS" starttime="20200905 19:09:28.789" endtime="20200905 19:09:28.825"></status>
</suite>
<statistics>
<total>
<stat pass="1" fail="0">Critical Tests</stat>
<stat pass="1" fail="0">All Tests</stat>
</total>
<tag>
</tag>
<suite>
<stat pass="1" fail="0" id="s1" name="Anagram">Anagram</stat>
</suite>
</statistics>
<errors>
</errors>
</robot>
